{
  "RSpec": {
    "coverage": {
      "/Users/turingtjc/Turing/3Module/projects/sweater_weather/config/environment.rb": {
        "lines": [
          null,
          1,
          null,
          null,
          1
        ]
      },
      "/Users/turingtjc/Turing/3Module/projects/sweater_weather/config/application.rb": {
        "lines": [
          1,
          null,
          1,
          null,
          1,
          1,
          1,
          1,
          1,
          1,
          1,
          1,
          null,
          null,
          null,
          null,
          null,
          1,
          null,
          1,
          1,
          null,
          1,
          null,
          null,
          null,
          null,
          null,
          null,
          null,
          null,
          null,
          1,
          null,
          null
        ]
      },
      "/Users/turingtjc/Turing/3Module/projects/sweater_weather/config/boot.rb": {
        "lines": [
          1,
          null,
          1,
          1
        ]
      },
      "/Users/turingtjc/Turing/3Module/projects/sweater_weather/config/environments/test.rb": {
        "lines": [
          1,
          null,
          null,
          null,
          null,
          null,
          null,
          1,
          null,
          null,
          null,
          null,
          1,
          null,
          null,
          1,
          1,
          null,
          null,
          null,
          null,
          1,
          1,
          null,
          null,
          1,
          null,
          null,
          1,
          null,
          null,
          1,
          null,
          1,
          null,
          null,
          null,
          null,
          1,
          null,
          null,
          1,
          null,
          null,
          null,
          null
        ]
      },
      "/Users/turingtjc/Turing/3Module/projects/sweater_weather/config/initializers/application_controller_renderer.rb": {
        "lines": [
          null,
          null,
          null,
          null,
          null,
          null,
          null,
          null
        ]
      },
      "/Users/turingtjc/Turing/3Module/projects/sweater_weather/config/initializers/backtrace_silencers.rb": {
        "lines": [
          null,
          null,
          null,
          null,
          null,
          null,
          null
        ]
      },
      "/Users/turingtjc/Turing/3Module/projects/sweater_weather/config/initializers/cors.rb": {
        "lines": [
          null,
          null,
          null,
          null,
          null,
          null,
          null,
          null,
          null,
          null,
          null,
          null,
          null,
          null,
          null,
          null
        ]
      },
      "/Users/turingtjc/Turing/3Module/projects/sweater_weather/config/initializers/filter_parameter_logging.rb": {
        "lines": [
          null,
          null,
          null,
          1
        ]
      },
      "/Users/turingtjc/Turing/3Module/projects/sweater_weather/config/initializers/inflections.rb": {
        "lines": [
          null,
          null,
          null,
          null,
          null,
          null,
          null,
          null,
          null,
          null,
          null,
          null,
          null,
          null,
          null,
          null
        ]
      },
      "/Users/turingtjc/Turing/3Module/projects/sweater_weather/config/initializers/mime_types.rb": {
        "lines": [
          null,
          null,
          null,
          null
        ]
      },
      "/Users/turingtjc/Turing/3Module/projects/sweater_weather/config/initializers/wrap_parameters.rb": {
        "lines": [
          null,
          null,
          null,
          null,
          null,
          null,
          1,
          2,
          null,
          null,
          null,
          null,
          null,
          null
        ]
      },
      "/Users/turingtjc/Turing/3Module/projects/sweater_weather/config/routes.rb": {
        "lines": [
          1,
          1,
          1,
          1,
          null,
          null,
          null
        ]
      },
      "/Users/turingtjc/Turing/3Module/projects/sweater_weather/app/facades/book_facade.rb": {
        "lines": [
          1,
          1,
          null,
          1,
          1,
          null,
          null,
          null
        ]
      },
      "/Users/turingtjc/Turing/3Module/projects/sweater_weather/spec/facades/geocoder_facade_spec.rb": {
        "lines": [
          1,
          null,
          1,
          1,
          1,
          1,
          1,
          1,
          null,
          null,
          null
        ]
      },
      "/Users/turingtjc/Turing/3Module/projects/sweater_weather/app/facades/geocoder_facade.rb": {
        "lines": [
          1,
          1,
          null,
          1,
          4,
          null,
          null,
          null
        ]
      },
      "/Users/turingtjc/Turing/3Module/projects/sweater_weather/spec/facades/weather_facade_spec.rb": {
        "lines": [
          1,
          null,
          1,
          1,
          1,
          1,
          1,
          1,
          1,
          null,
          null,
          null,
          1,
          1,
          1,
          1,
          null,
          1,
          1,
          null,
          null,
          null,
          1,
          1,
          1,
          1,
          null,
          1,
          1,
          null,
          null,
          null,
          1,
          1,
          1,
          1,
          null,
          1,
          1,
          null,
          null,
          null
        ]
      },
      "/Users/turingtjc/Turing/3Module/projects/sweater_weather/app/facades/weather_facade.rb": {
        "lines": [
          1,
          1,
          null,
          1,
          3,
          null,
          null,
          1,
          2,
          null,
          null,
          1,
          2,
          10,
          null,
          null,
          null,
          1,
          2,
          16,
          null,
          null,
          null,
          null
        ]
      },
      "/Users/turingtjc/Turing/3Module/projects/sweater_weather/spec/poros/book_spec.rb": {
        "lines": [
          1,
          null,
          1,
          1,
          1,
          1,
          1,
          null,
          0,
          0,
          0,
          0,
          null,
          null,
          null
        ]
      },
      "/Users/turingtjc/Turing/3Module/projects/sweater_weather/app/poros/book.rb": {
        "lines": [
          1,
          1,
          1,
          1,
          1,
          0,
          null,
          null
        ]
      },
      "/Users/turingtjc/Turing/3Module/projects/sweater_weather/spec/poros/current_weather_spec.rb": {
        "lines": [
          1,
          null,
          1,
          1,
          1,
          1,
          1,
          1,
          1,
          1,
          1,
          1,
          1,
          1,
          1,
          1,
          1,
          1,
          null,
          null
        ]
      },
      "/Users/turingtjc/Turing/3Module/projects/sweater_weather/app/poros/current_weather.rb": {
        "lines": [
          1,
          1,
          null,
          1,
          5,
          5,
          5,
          5,
          5,
          5,
          5,
          5,
          5,
          5,
          null,
          null
        ]
      },
      "/Users/turingtjc/Turing/3Module/projects/sweater_weather/spec/poros/daily_weather_spec.rb": {
        "lines": [
          1,
          null,
          1,
          1,
          1,
          1,
          1,
          1,
          1,
          1,
          1,
          1,
          1,
          1,
          1,
          1,
          null,
          null,
          null
        ]
      },
      "/Users/turingtjc/Turing/3Module/projects/sweater_weather/app/poros/daily_weather.rb": {
        "lines": [
          1,
          1,
          null,
          1,
          25,
          25,
          25,
          25,
          25,
          25,
          null,
          25,
          null,
          null
        ]
      },
      "/Users/turingtjc/Turing/3Module/projects/sweater_weather/spec/poros/geocoder_spec.rb": {
        "lines": [
          1,
          null,
          1,
          1,
          1,
          1,
          null,
          1,
          1,
          1,
          null,
          null
        ]
      },
      "/Users/turingtjc/Turing/3Module/projects/sweater_weather/app/poros/geocoder.rb": {
        "lines": [
          1,
          null,
          1,
          1,
          4,
          4,
          null,
          null
        ]
      },
      "/Users/turingtjc/Turing/3Module/projects/sweater_weather/spec/poros/hourly_weather_spec.rb": {
        "lines": [
          1,
          null,
          1,
          1,
          1,
          1,
          1,
          1,
          1,
          1,
          1,
          1,
          1,
          null,
          null,
          null
        ]
      },
      "/Users/turingtjc/Turing/3Module/projects/sweater_weather/app/poros/hourly_weather.rb": {
        "lines": [
          1,
          1,
          1,
          40,
          40,
          40,
          40,
          null,
          null
        ]
      },
      "/Users/turingtjc/Turing/3Module/projects/sweater_weather/spec/poros/weather_spec.rb": {
        "lines": [
          1,
          null,
          1,
          1,
          1,
          1,
          1,
          null,
          1,
          1,
          1,
          1,
          1,
          1,
          null,
          null
        ]
      },
      "/Users/turingtjc/Turing/3Module/projects/sweater_weather/app/poros/weather.rb": {
        "lines": [
          1,
          1,
          1,
          3,
          3,
          18,
          27,
          null,
          null
        ]
      },
      "/Users/turingtjc/Turing/3Module/projects/sweater_weather/spec/requests/api/v1/forecast_request_spec.rb": {
        "lines": [
          1,
          null,
          1,
          1,
          1,
          1,
          1,
          null,
          1,
          1,
          null,
          1,
          1,
          1,
          null,
          1,
          1,
          1,
          1,
          1,
          1,
          1,
          1,
          1,
          1,
          1,
          1,
          null,
          1,
          1,
          1,
          1,
          1,
          null,
          1,
          1,
          1,
          1,
          1,
          1,
          1,
          1,
          1,
          1,
          1,
          null,
          1,
          1,
          1,
          1,
          1,
          1,
          1,
          1,
          1,
          1,
          1,
          null,
          1,
          1,
          null,
          1,
          1,
          1,
          1,
          1,
          1,
          null,
          1,
          1,
          1,
          1,
          1,
          1,
          1,
          1,
          1,
          null,
          null
        ]
      },
      "/Users/turingtjc/Turing/3Module/projects/sweater_weather/spec/services/book_service_spec.rb": {
        "lines": [
          1,
          null,
          1,
          1,
          1,
          1,
          1,
          1,
          1,
          1,
          1,
          1,
          null,
          null
        ]
      },
      "/Users/turingtjc/Turing/3Module/projects/sweater_weather/app/services/book_service.rb": {
        "lines": [
          1,
          1,
          null,
          1,
          2,
          2,
          null,
          null,
          null
        ]
      },
      "/Users/turingtjc/Turing/3Module/projects/sweater_weather/spec/services/geocoder_service_spec.rb": {
        "lines": [
          1,
          null,
          1,
          1,
          1,
          1,
          1,
          1,
          1,
          1,
          null,
          null
        ]
      },
      "/Users/turingtjc/Turing/3Module/projects/sweater_weather/app/services/geocoder_service.rb": {
        "lines": [
          1,
          1,
          null,
          1,
          5,
          null,
          5,
          null,
          null,
          null
        ]
      },
      "/Users/turingtjc/Turing/3Module/projects/sweater_weather/spec/services/weather_service_spec.rb": {
        "lines": [
          1,
          null,
          1,
          1,
          1,
          1,
          1,
          1,
          1,
          1,
          1,
          1,
          1,
          1,
          1,
          1,
          1,
          1,
          1,
          1,
          null,
          1,
          1,
          1,
          1,
          1,
          1,
          1,
          1,
          1,
          null,
          1,
          1,
          1,
          1,
          1,
          1,
          null,
          null
        ]
      },
      "/Users/turingtjc/Turing/3Module/projects/sweater_weather/app/services/weather_service.rb": {
        "lines": [
          1,
          1,
          null,
          1,
          10,
          10,
          null,
          10,
          null,
          null,
          null
        ]
      },
      "/Users/turingtjc/Turing/3Module/projects/sweater_weather/app/services/base_service.rb": {
        "lines": [
          1,
          1,
          null,
          1,
          17,
          null,
          null,
          1,
          5,
          5,
          null,
          null,
          null,
          1,
          10,
          10,
          null,
          null,
          null,
          1,
          2,
          null,
          null,
          null,
          null,
          null
        ]
      },
      "/Users/turingtjc/Turing/3Module/projects/sweater_weather/app/controllers/api/v1/forecast_controller.rb": {
        "lines": [
          1,
          null,
          1,
          1,
          1,
          1,
          null,
          null
        ]
      },
      "/Users/turingtjc/Turing/3Module/projects/sweater_weather/app/controllers/application_controller.rb": {
        "lines": [
          1,
          null
        ]
      },
      "/Users/turingtjc/Turing/3Module/projects/sweater_weather/app/serializers/forecast_serializer.rb": {
        "lines": [
          1,
          1,
          1,
          1,
          1,
          null
        ]
      }
    },
    "timestamp": 1664209754
  }
}
